<?xml version="1.0" encoding="UTF-8"?>
<testng-results skipped="0" failed="0" ignored="0" total="1" passed="1">
  <reporter-output>
  </reporter-output>
  <suite name="Default suite" duration-ms="833" started-at="2019-01-20T10:03:20Z" finished-at="2019-01-20T10:03:21Z">
    <groups>
      <group name="cucumber">
        <method signature="AbstractTestNGCucumberTests.feature(cucumber.api.testng.CucumberFeatureWrapper)[pri:0, instance:TestRunner.TestRunner@3abbfa04]" name="feature" class="cucumber.api.testng.AbstractTestNGCucumberTests"/>
      </group> <!-- cucumber -->
    </groups>
    <test name="Default test" duration-ms="833" started-at="2019-01-20T10:03:20Z" finished-at="2019-01-20T10:03:21Z">
      <class name="TestRunner.TestRunner">
        <test-method status="PASS" signature="setUpClass()[pri:0, instance:TestRunner.TestRunner@3abbfa04]" name="setUpClass" is-config="true" duration-ms="214" started-at="2019-01-20T10:03:20Z" finished-at="2019-01-20T10:03:20Z">
          <reporter-output>
          </reporter-output>
        </test-method> <!-- setUpClass -->
        <test-method status="PASS" signature="feature(cucumber.api.testng.CucumberFeatureWrapper)[pri:0, instance:TestRunner.TestRunner@3abbfa04]" name="feature" duration-ms="250" started-at="2019-01-20T10:03:20Z" description="Runs Cucumber Feature" data-provider="features" finished-at="2019-01-20T10:03:21Z">
          <params>
            <param index="0">
              <value>
                <![CDATA[Reset functionality on login page of Application]]>
              </value>
            </param>
          </params>
          <reporter-output>
          </reporter-output>
        </test-method> <!-- feature -->
        <test-method status="PASS" signature="writeExtentReport()[pri:0, instance:TestRunner.TestRunner@3abbfa04]" name="writeExtentReport" is-config="true" duration-ms="13" started-at="2019-01-20T10:03:21Z" finished-at="2019-01-20T10:03:21Z">
          <reporter-output>
          </reporter-output>
        </test-method> <!-- writeExtentReport -->
        <test-method status="PASS" signature="tearDownClass()[pri:0, instance:TestRunner.TestRunner@3abbfa04]" name="tearDownClass" is-config="true" duration-ms="271" started-at="2019-01-20T10:03:21Z" finished-at="2019-01-20T10:03:21Z">
          <reporter-output>
          </reporter-output>
        </test-method> <!-- tearDownClass -->
      </class> <!-- TestRunner.TestRunner -->
    </test> <!-- Default test -->
  </suite> <!-- Default suite -->
</testng-results>
